<?xml version="1.0" encoding="UTF-8"?>
<testsuite xmlns:xsi="http://www.w3.org/2001/XMLSchema-instance" xsi:noNamespaceSchemaLocation="https://maven.apache.org/surefire/maven-surefire-plugin/xsd/surefire-test-report.xsd" version="3.0.2" name="com.tp_archi_distribuee.rest.TpArchiDisRestApplicationTests" time="6.808" tests="1" errors="0" skipped="0" failures="0">
  <properties>
[...]
</properties>
  <testcase name="contextLoads" classname="com.tp_archi_distribuee.rest.TpArchiDisRestApplicationTests" time="0.615">
    <system-out><![CDATA[21:43:46.584 [main] INFO org.springframework.test.context.support.AnnotationConfigContextLoaderUtils -- Could not detect default configuration classes for test class [com.tp_archi_distribuee.rest.TpArchiDisRestApplicationTests]: TpArchiDisRestApplicationTests does not declare any static, non-private, non-final, nested classes annotated with @Configuration.
21:43:46.774 [main] INFO org.springframework.boot.test.context.SpringBootTestContextBootstrapper -- Found @SpringBootConfiguration com.tp_archi_distribuee.rest.TpArchiDisRestApplication for test class com.tp_archi_distribuee.rest.TpArchiDisRestApplicationTests
21:43:47.005 [main] INFO org.springframework.boot.devtools.restart.RestartApplicationListener -- Restart disabled due to context in which it is running

  .   ____          _            __ _ _
 /\\ / ___'_ __ _ _(_)_ __  __ _ \ \ \ \
( ( )\___ | '_ | '_| | '_ \/ _` | \ \ \ \
 \\/  ___)| |_)| | | | | || (_| |  ) ) ) )
  '  |____| .__|_| |_|_| |_\__, | / / / /
 =========|_|==============|___/=/_/_/_/

 :: Spring Boot ::                (v3.5.9)

2026-02-07T21:43:47.377+01:00  INFO 7244 --- [agence_airbnb] [           main] c.t.rest.TpArchiDisRestApplicationTests  : Starting TpArchiDisRestApplicationTests using Java 21.0.9 with PID 7244 (started by eyana in C:\Users\eyana\Desktop\Tp-Architecture-Distribuee-REST-agences-branch\Tp-Architecture-Distribuee-REST-agences-branch\Agences\Agence_Airbnb)
2026-02-07T21:43:47.378+01:00  INFO 7244 --- [agence_airbnb] [           main] c.t.rest.TpArchiDisRestApplicationTests  : No active profile set, falling back to 1 default profile: "default"
2026-02-07T21:43:48.244+01:00  INFO 7244 --- [agence_airbnb] [           main] .s.d.r.c.RepositoryConfigurationDelegate : Bootstrapping Spring Data JPA repositories in DEFAULT mode.
2026-02-07T21:43:48.310+01:00  INFO 7244 --- [agence_airbnb] [           main] .s.d.r.c.RepositoryConfigurationDelegate : Finished Spring Data repository scanning in 53 ms. Found 5 JPA repository interfaces.
2026-02-07T21:43:48.917+01:00  INFO 7244 --- [agence_airbnb] [           main] o.hibernate.jpa.internal.util.LogHelper  : HHH000204: Processing PersistenceUnitInfo [name: default]
2026-02-07T21:43:49.051+01:00  INFO 7244 --- [agence_airbnb] [           main] org.hibernate.Version                    : HHH000412: Hibernate ORM core version 6.6.39.Final
2026-02-07T21:43:49.117+01:00  INFO 7244 --- [agence_airbnb] [           main] o.h.c.internal.RegionFactoryInitiator    : HHH000026: Second-level cache disabled
2026-02-07T21:43:49.590+01:00  INFO 7244 --- [agence_airbnb] [           main] o.s.o.j.p.SpringPersistenceUnitInfo      : No LoadTimeWeaver setup: ignoring JPA class transformer
2026-02-07T21:43:49.649+01:00  INFO 7244 --- [agence_airbnb] [           main] com.zaxxer.hikari.HikariDataSource       : HikariPool-1 - Starting...
2026-02-07T21:43:49.884+01:00  INFO 7244 --- [agence_airbnb] [           main] com.zaxxer.hikari.pool.HikariPool        : HikariPool-1 - Added connection com.mysql.cj.jdbc.ConnectionImpl@15f2a43f
2026-02-07T21:43:49.887+01:00  INFO 7244 --- [agence_airbnb] [           main] com.zaxxer.hikari.HikariDataSource       : HikariPool-1 - Start completed.
2026-02-07T21:43:49.928+01:00  WARN 7244 --- [agence_airbnb] [           main] org.hibernate.orm.deprecation            : HHH90000025: MySQL8Dialect does not need to be specified explicitly using 'hibernate.dialect' (remove the property setting and it will be selected by default)
2026-02-07T21:43:49.930+01:00  WARN 7244 --- [agence_airbnb] [           main] org.hibernate.orm.deprecation            : HHH90000026: MySQL8Dialect has been deprecated; use org.hibernate.dialect.MySQLDialect instead
2026-02-07T21:43:49.956+01:00  INFO 7244 --- [agence_airbnb] [           main] org.hibernate.orm.connections.pooling    : HHH10001005: Database info:
	Database JDBC URL [Connecting through datasource 'HikariDataSource (HikariPool-1)']
	Database driver: undefined/unknown
	Database version: 8.0
	Autocommit mode: undefined/unknown
	Isolation level: undefined/unknown
	Minimum pool size: undefined/unknown
	Maximum pool size: undefined/unknown
2026-02-07T21:43:51.182+01:00  INFO 7244 --- [agence_airbnb] [           main] o.h.e.t.j.p.i.JtaPlatformInitiator       : HHH000489: No JTA platform available (set 'hibernate.transaction.jta.platform' to enable JTA platform integration)
2026-02-07T21:43:51.503+01:00  INFO 7244 --- [agence_airbnb] [           main] j.LocalContainerEntityManagerFactoryBean : Initialized JPA EntityManagerFactory for persistence unit 'default'
2026-02-07T21:43:51.657+01:00  WARN 7244 --- [agence_airbnb] [           main] JpaBaseConfiguration$JpaWebConfiguration : spring.jpa.open-in-view is enabled by default. Therefore, database queries may be performed during view rendering. Explicitly configure spring.jpa.open-in-view to disable this warning
2026-02-07T21:43:52.557+01:00  INFO 7244 --- [agence_airbnb] [           main] c.t.rest.TpArchiDisRestApplicationTests  : Started TpArchiDisRestApplicationTests in 5.568 seconds (process running for 6.975)
]]></system-out>
    <system-err><![CDATA[Mockito is currently self-attaching to enable the inline-mock-maker. This will no longer work in future releases of the JDK. Please add Mockito as an agent to your build as described in Mockito's documentation: https://javadoc.io/doc/org.mockito/mockito-core/latest/org.mockito/org/mockito/Mockito.html#0.3
WARNING: A Java agent has been loaded dynamically (C:\Users\eyana\.m2\repository\net\bytebuddy\byte-buddy-agent\1.17.8\byte-buddy-agent-1.17.8.jar)
WARNING: If a serviceability tool is in use, please run with -XX:+EnableDynamicAgentLoading to hide this warning
WARNING: If a serviceability tool is not in use, please run with -Djdk.instrument.traceUsage for more information
WARNING: Dynamic loading of agents will be disallowed by default in a future release
]]></system-err>
  </testcase>
</testsuite>