<?xml version="1.0" encoding="UTF-8"?>
<testsuite xmlns:xsi="http://www.w3.org/2001/XMLSchema-instance" xsi:noNamespaceSchemaLocation="https://maven.apache.org/surefire/maven-surefire-plugin/xsd/surefire-test-report.xsd" version="3.0.2" name="com.tp_archi_distribuee.rest.HotelRadissonApplicationTests" time="7.419" tests="1" errors="0" skipped="0" failures="0">
  <properties>
[...]
</properties>
  <testcase name="contextLoads" classname="com.tp_archi_distribuee.rest.HotelRadissonApplicationTests" time="0.547">
    <system-out><![CDATA[22:51:51.375 [main] INFO org.springframework.test.context.support.AnnotationConfigContextLoaderUtils -- Could not detect default configuration classes for test class [com.tp_archi_distribuee.rest.HotelRadissonApplicationTests]: HotelRadissonApplicationTests does not declare any static, non-private, non-final, nested classes annotated with @Configuration.
22:51:51.524 [main] INFO org.springframework.boot.test.context.SpringBootTestContextBootstrapper -- Found @SpringBootConfiguration com.tp_archi_distribuee.rest.HotelRadissonApplication for test class com.tp_archi_distribuee.rest.HotelRadissonApplicationTests
22:51:51.723 [main] INFO org.springframework.boot.devtools.restart.RestartApplicationListener -- Restart disabled due to context in which it is running

  .   ____          _            __ _ _
 /\\ / ___'_ __ _ _(_)_ __  __ _ \ \ \ \
( ( )\___ | '_ | '_| | '_ \/ _` | \ \ \ \
 \\/  ___)| |_)| | | | | || (_| |  ) ) ) )
  '  |____| .__|_| |_|_| |_\__, | / / / /
 =========|_|==============|___/=/_/_/_/

 :: Spring Boot ::                (v3.5.9)

2026-02-10T22:51:52.019+01:00  INFO 3796 --- [hotel_radisson] [           main] c.t.rest.HotelRadissonApplicationTests   : Starting HotelRadissonApplicationTests using Java 17.0.17 with PID 3796 (started by eyana in C:\Users\eyana\Desktop\Tp-Architecture-Distribuee-REST-hotels-branch (2)\Tp-Architecture-Distribuee-REST-hotels-branch\Hotels\Hotel_Radisson)
2026-02-10T22:51:52.021+01:00  INFO 3796 --- [hotel_radisson] [           main] c.t.rest.HotelRadissonApplicationTests   : No active profile set, falling back to 1 default profile: "default"
2026-02-10T22:51:52.787+01:00  INFO 3796 --- [hotel_radisson] [           main] .s.d.r.c.RepositoryConfigurationDelegate : Bootstrapping Spring Data JPA repositories in DEFAULT mode.
2026-02-10T22:51:52.896+01:00  INFO 3796 --- [hotel_radisson] [           main] .s.d.r.c.RepositoryConfigurationDelegate : Finished Spring Data repository scanning in 94 ms. Found 6 JPA repository interfaces.
2026-02-10T22:51:53.404+01:00  INFO 3796 --- [hotel_radisson] [           main] o.hibernate.jpa.internal.util.LogHelper  : HHH000204: Processing PersistenceUnitInfo [name: default]
2026-02-10T22:51:53.491+01:00  INFO 3796 --- [hotel_radisson] [           main] org.hibernate.Version                    : HHH000412: Hibernate ORM core version 6.6.39.Final
2026-02-10T22:51:53.547+01:00  INFO 3796 --- [hotel_radisson] [           main] o.h.c.internal.RegionFactoryInitiator    : HHH000026: Second-level cache disabled
2026-02-10T22:51:53.955+01:00  INFO 3796 --- [hotel_radisson] [           main] o.s.o.j.p.SpringPersistenceUnitInfo      : No LoadTimeWeaver setup: ignoring JPA class transformer
2026-02-10T22:51:53.984+01:00  INFO 3796 --- [hotel_radisson] [           main] com.zaxxer.hikari.HikariDataSource       : HikariPool-1 - Starting...
2026-02-10T22:51:54.145+01:00  INFO 3796 --- [hotel_radisson] [           main] com.zaxxer.hikari.pool.HikariPool        : HikariPool-1 - Added connection com.mysql.cj.jdbc.ConnectionImpl@20864cd1
2026-02-10T22:51:54.149+01:00  INFO 3796 --- [hotel_radisson] [           main] com.zaxxer.hikari.HikariDataSource       : HikariPool-1 - Start completed.
2026-02-10T22:51:54.184+01:00  WARN 3796 --- [hotel_radisson] [           main] org.hibernate.orm.deprecation            : HHH90000025: MySQL8Dialect does not need to be specified explicitly using 'hibernate.dialect' (remove the property setting and it will be selected by default)
2026-02-10T22:51:54.186+01:00  WARN 3796 --- [hotel_radisson] [           main] org.hibernate.orm.deprecation            : HHH90000026: MySQL8Dialect has been deprecated; use org.hibernate.dialect.MySQLDialect instead
2026-02-10T22:51:54.215+01:00  INFO 3796 --- [hotel_radisson] [           main] org.hibernate.orm.connections.pooling    : HHH10001005: Database info:
	Database JDBC URL [Connecting through datasource 'HikariDataSource (HikariPool-1)']
	Database driver: undefined/unknown
	Database version: 8.0
	Autocommit mode: undefined/unknown
	Isolation level: undefined/unknown
	Minimum pool size: undefined/unknown
	Maximum pool size: undefined/unknown
2026-02-10T22:51:55.062+01:00  INFO 3796 --- [hotel_radisson] [           main] o.h.e.t.j.p.i.JtaPlatformInitiator       : HHH000489: No JTA platform available (set 'hibernate.transaction.jta.platform' to enable JTA platform integration)
Hibernate: alter table client drop foreign key FKikk9lu2f1x6xhw9m3d2co8sy7
Hibernate: alter table hotel drop foreign key FK4df2mh2rr97h29xj1k6d1p5kg
Hibernate: alter table hotel_chambres drop foreign key FK38bjx0tdsig4yxsb0b8njdlvn
Hibernate: alter table hotel_chambres drop foreign key FKdl9f9pl45mbs4rs00hubobh84
Hibernate: alter table offre drop foreign key FKgeaksw1f36k4ngn4my4lu6xtc
Hibernate: alter table offre drop foreign key FKfsm7xs0f8fw0wnc6s547ldp5e
Hibernate: alter table offre drop foreign key FKq0980fumsv2v0xudrgjyh2lmo
Hibernate: alter table reservation drop foreign key FKh8t0xif5fehbg7a5vvdjl7h86
Hibernate: alter table reservation drop foreign key FKlyr1bhinuvr46xpg4l83i6cx0
Hibernate: drop table if exists adresse
Hibernate: drop table if exists agence
Hibernate: drop table if exists chambre
Hibernate: drop table if exists client
Hibernate: drop table if exists credit_card
Hibernate: drop table if exists hotel
Hibernate: drop table if exists hotel_chambres
Hibernate: drop table if exists offre
Hibernate: drop table if exists reservation
Hibernate: create table adresse (id integer not null auto_increment, gps_position varchar(255), pays varchar(255), rue varchar(255), ville varchar(255), primary key (id)) engine=InnoDB
Hibernate: create table agence (id integer not null auto_increment, login varchar(255), mot_de_passe varchar(255), nom varchar(255), primary key (id)) engine=InnoDB
Hibernate: create table chambre (id integer not null auto_increment, nb_lits integer not null, prix float(53) not null, img longblob, primary key (id)) engine=InnoDB
Hibernate: create table client (id integer not null, credit_card_id bigint, email varchar(255) not null, nom varchar(255), prenom varchar(255), telephone varchar(255), primary key (email)) engine=InnoDB
Hibernate: create table credit_card (id bigint not null auto_increment, cvv varchar(255), date_expiration varchar(255), num_carte varchar(255), primary key (id)) engine=InnoDB
Hibernate: create table hotel (adresse_id integer, id integer not null auto_increment, nb_lits integer not null, nom varchar(255), categorie enum ('etoiles2','etoiles3','etoiles4','etoiles5'), primary key (id)) engine=InnoDB
Hibernate: create table hotel_chambres (chambres_id integer not null, hotel_id integer not null) engine=InnoDB
Hibernate: create table offre (agence_id integer, chambre_id integer, date_debut_disponibilte date, datefin_disponibilite date, hotel_id integer, id integer not null auto_increment, nbre_lits integer not null, prix float(53) not null, primary key (id)) engine=InnoDB
Hibernate: create table reservation (date_entree date, date_sortie date, id integer not null auto_increment, offre_id integer, client_email varchar(255), primary key (id)) engine=InnoDB
Hibernate: alter table client add constraint UKmw3ycmfvg67acuqfnpb9doh8d unique (credit_card_id)
Hibernate: alter table hotel add constraint UKiypccpwj1f7adbdenygm0rq9j unique (adresse_id)
Hibernate: alter table hotel_chambres add constraint UK8k3poqxmg4eqi7obug0klosmr unique (chambres_id)
Hibernate: alter table reservation add constraint UK9tybr79x8jgfgesn9d40dts79 unique (offre_id)
Hibernate: alter table reservation add constraint UKtmpy80smuwd5ud0m434qwmpgg unique (client_email)
Hibernate: alter table client add constraint FKikk9lu2f1x6xhw9m3d2co8sy7 foreign key (credit_card_id) references credit_card (id)
Hibernate: alter table hotel add constraint FK4df2mh2rr97h29xj1k6d1p5kg foreign key (adresse_id) references adresse (id)
Hibernate: alter table hotel_chambres add constraint FK38bjx0tdsig4yxsb0b8njdlvn foreign key (chambres_id) references chambre (id)
Hibernate: alter table hotel_chambres add constraint FKdl9f9pl45mbs4rs00hubobh84 foreign key (hotel_id) references hotel (id)
Hibernate: alter table offre add constraint FKgeaksw1f36k4ngn4my4lu6xtc foreign key (agence_id) references agence (id)
Hibernate: alter table offre add constraint FKfsm7xs0f8fw0wnc6s547ldp5e foreign key (chambre_id) references chambre (id)
Hibernate: alter table offre add constraint FKq0980fumsv2v0xudrgjyh2lmo foreign key (hotel_id) references hotel (id)
Hibernate: alter table reservation add constraint FKh8t0xif5fehbg7a5vvdjl7h86 foreign key (client_email) references client (email)
Hibernate: alter table reservation add constraint FKlyr1bhinuvr46xpg4l83i6cx0 foreign key (offre_id) references offre (id)
2026-02-10T22:51:56.782+01:00  INFO 3796 --- [hotel_radisson] [           main] j.LocalContainerEntityManagerFactoryBean : Initialized JPA EntityManagerFactory for persistence unit 'default'
2026-02-10T22:51:57.453+01:00  WARN 3796 --- [hotel_radisson] [           main] JpaBaseConfiguration$JpaWebConfiguration : spring.jpa.open-in-view is enabled by default. Therefore, database queries may be performed during view rendering. Explicitly configure spring.jpa.open-in-view to disable this warning
2026-02-10T22:51:58.018+01:00  INFO 3796 --- [hotel_radisson] [           main] c.t.rest.HotelRadissonApplicationTests   : Started HotelRadissonApplicationTests in 6.305 seconds (process running for 7.591)
]]></system-out>
  </testcase>
</testsuite>